<?xml version="1.0" encoding="UTF-8" ?>
<testsuite tests="16" failures="8" name="TestSuite" time="896.731" errors="0" skipped="0">
  <properties>
[...]
</properties>
  <testcase classname="com.mop.qa.test.bvt.Test_Schedule_Assesment" name="testNBC" time="104.001">
    <failure message="Exception on clicking webelementClick Loginorg.openqa.selenium.TimeoutException: Timed out after 60 seconds waiting for visibility of Proxy element for: org.openqa.selenium.support.pagefactory.DefaultElementLocator@1978d10
Build info: version: &apos;2.47.0&apos;, revision: &apos;0e4837e94b1fad0db93e88cd972ed3e235a22892&apos;, time: &apos;2015-07-29 15:58:41&apos;
System info: host: &apos;PC143191&apos;, ip: &apos;10.242.193.102&apos;, os.name: &apos;Windows 7&apos;, os.arch: &apos;x86&apos;, os.version: &apos;6.1&apos;, java.version: &apos;1.8.0_51&apos;
Driver info: org.openqa.selenium.chrome.ChromeDriver
Capabilities [{applicationCacheEnabled=false, rotatable=false, mobileEmulationEnabled=false, chrome={userDataDir=C:\Users\489163.CTS\AppData\Local\Temp\scoped_dir13532_4797}, takesHeapSnapshot=true, databaseEnabled=false, handlesAlerts=true, version=46.0.2490.71, platform=XP, browserConnectionEnabled=false, nativeEvents=true, acceptSslCerts=true, locationContextEnabled=true, webStorageEnabled=true, browserName=chrome, takesScreenshot=true, javascriptEnabled=true, cssSelectorsEnabled=true}]
Session ID: 767a35f292108ba2724e2bc7dd46d9cb" type="junit.framework.AssertionFailedError">junit.framework.AssertionFailedError: Exception on clicking webelementClick Loginorg.openqa.selenium.TimeoutException: Timed out after 60 seconds waiting for visibility of Proxy element for: org.openqa.selenium.support.pagefactory.DefaultElementLocator@1978d10
Build info: version: &apos;2.47.0&apos;, revision: &apos;0e4837e94b1fad0db93e88cd972ed3e235a22892&apos;, time: &apos;2015-07-29 15:58:41&apos;
System info: host: &apos;PC143191&apos;, ip: &apos;10.242.193.102&apos;, os.name: &apos;Windows 7&apos;, os.arch: &apos;x86&apos;, os.version: &apos;6.1&apos;, java.version: &apos;1.8.0_51&apos;
Driver info: org.openqa.selenium.chrome.ChromeDriver
Capabilities [{applicationCacheEnabled=false, rotatable=false, mobileEmulationEnabled=false, chrome={userDataDir=C:\Users\489163.CTS\AppData\Local\Temp\scoped_dir13532_4797}, takesHeapSnapshot=true, databaseEnabled=false, handlesAlerts=true, version=46.0.2490.71, platform=XP, browserConnectionEnabled=false, nativeEvents=true, acceptSslCerts=true, locationContextEnabled=true, webStorageEnabled=true, browserName=chrome, takesScreenshot=true, javascriptEnabled=true, cssSelectorsEnabled=true}]
Session ID: 767a35f292108ba2724e2bc7dd46d9cb
	at com.mop.qa.Utilities.ReportGenerator.logException(ReportGenerator.java:233)
	at com.mop.qa.testbase.PageBase_Appium.click(PageBase_Appium.java:321)
	at com.mop.qa.pageobject.Schedule_Assesment.clickLogin(Schedule_Assesment.java:131)
	at com.mop.qa.pageobject.Schedule_Assesment.login(Schedule_Assesment.java:147)
	at com.mop.qa.test.bvt.Test_Schedule_Assesment.testNBC(Test_Schedule_Assesment.java:19)
</failure>
    <system-out>osTypeWindows 7
setting up wß
test name is Test2
</system-out>
    <system-err>Starting ChromeDriver 2.14.313457 (3d645c400edf2e2c500566c9aa096063e707c9cf) on port 47429
Only local connections are allowed.
org.openqa.selenium.TimeoutException: Timed out after 60 seconds waiting for visibility of Proxy element for: org.openqa.selenium.support.pagefactory.DefaultElementLocator@1978d10
Build info: version: &apos;2.47.0&apos;, revision: &apos;0e4837e94b1fad0db93e88cd972ed3e235a22892&apos;, time: &apos;2015-07-29 15:58:41&apos;
System info: host: &apos;PC143191&apos;, ip: &apos;10.242.193.102&apos;, os.name: &apos;Windows 7&apos;, os.arch: &apos;x86&apos;, os.version: &apos;6.1&apos;, java.version: &apos;1.8.0_51&apos;
Driver info: org.openqa.selenium.chrome.ChromeDriver
Capabilities [{applicationCacheEnabled=false, rotatable=false, mobileEmulationEnabled=false, chrome={userDataDir=C:\Users\489163.CTS\AppData\Local\Temp\scoped_dir13532_4797}, takesHeapSnapshot=true, databaseEnabled=false, handlesAlerts=true, version=46.0.2490.71, platform=XP, browserConnectionEnabled=false, nativeEvents=true, acceptSslCerts=true, locationContextEnabled=true, webStorageEnabled=true, browserName=chrome, takesScreenshot=true, javascriptEnabled=true, cssSelectorsEnabled=true}]
Session ID: 767a35f292108ba2724e2bc7dd46d9cb
	at org.openqa.selenium.support.ui.WebDriverWait.timeoutException(WebDriverWait.java:80)
	at org.openqa.selenium.support.ui.FluentWait.until(FluentWait.java:229)
	at com.mop.qa.testbase.PageBase_Appium.click(PageBase_Appium.java:310)
	at com.mop.qa.pageobject.Schedule_Assesment.clickLogin(Schedule_Assesment.java:131)
	at com.mop.qa.pageobject.Schedule_Assesment.login(Schedule_Assesment.java:147)
	at com.mop.qa.test.bvt.Test_Schedule_Assesment.testNBC(Test_Schedule_Assesment.java:19)
	at sun.reflect.NativeMethodAccessorImpl.invoke0(Native Method)
	at sun.reflect.NativeMethodAccessorImpl.invoke(NativeMethodAccessorImpl.java:62)
	at sun.reflect.DelegatingMethodAccessorImpl.invoke(DelegatingMethodAccessorImpl.java:43)
	at java.lang.reflect.Method.invoke(Method.java:497)
	at org.testng.internal.MethodInvocationHelper.invokeMethod(MethodInvocationHelper.java:84)
	at org.testng.internal.Invoker.invokeMethod(Invoker.java:714)
	at org.testng.internal.Invoker.invokeTestMethod(Invoker.java:901)
	at org.testng.internal.Invoker.invokeTestMethods(Invoker.java:1231)
	at org.testng.internal.TestMethodWorker.invokeTestMethods(TestMethodWorker.java:127)
	at org.testng.internal.TestMethodWorker.run(TestMethodWorker.java:111)
	at org.testng.TestRunner.privateRun(TestRunner.java:767)
	at org.testng.TestRunner.run(TestRunner.java:617)
	at org.testng.SuiteRunner.runTest(SuiteRunner.java:348)
	at org.testng.SuiteRunner.runSequentially(SuiteRunner.java:343)
	at org.testng.SuiteRunner.privateRun(SuiteRunner.java:305)
	at org.testng.SuiteRunner.run(SuiteRunner.java:254)
	at org.testng.SuiteRunnerWorker.runSuite(SuiteRunnerWorker.java:52)
	at org.testng.SuiteRunnerWorker.run(SuiteRunnerWorker.java:86)
	at org.testng.TestNG.runSuitesSequentially(TestNG.java:1224)
	at org.testng.TestNG.runSuitesSequentially(TestNG.java:1220)
	at org.testng.TestNG.runSuitesLocally(TestNG.java:1149)
	at org.testng.TestNG.run(TestNG.java:1057)
	at org.apache.maven.surefire.testng.TestNGExecutor.run(TestNGExecutor.java:177)
	at org.apache.maven.surefire.testng.TestNGXmlTestSuite.execute(TestNGXmlTestSuite.java:92)
	at org.apache.maven.surefire.testng.TestNGProvider.invoke(TestNGProvider.java:105)
	at sun.reflect.NativeMethodAccessorImpl.invoke0(Native Method)
	at sun.reflect.NativeMethodAccessorImpl.invoke(NativeMethodAccessorImpl.java:62)
	at sun.reflect.DelegatingMethodAccessorImpl.invoke(DelegatingMethodAccessorImpl.java:43)
	at java.lang.reflect.Method.invoke(Method.java:497)
	at org.apache.maven.surefire.util.ReflectionUtils.invokeMethodWithArray(ReflectionUtils.java:189)
	at org.apache.maven.surefire.booter.ProviderFactory$ProviderProxy.invoke(ProviderFactory.java:165)
	at org.apache.maven.surefire.booter.ProviderFactory.invokeProvider(ProviderFactory.java:85)
	at org.apache.maven.surefire.booter.ForkedBooter.runSuitesInProcess(ForkedBooter.java:103)
	at org.apache.maven.surefire.booter.ForkedBooter.main(ForkedBooter.java:74)
Caused by: org.openqa.selenium.NoSuchElementException: no such element
  (Session info: chrome=46.0.2490.71)
  (Driver info: chromedriver=2.14.313457 (3d645c400edf2e2c500566c9aa096063e707c9cf),platform=Windows NT 6.1 SP1 x86) (WARNING: The server did not provide any stacktrace information)
Command duration or timeout: 30.03 seconds
For documentation on this error, please visit: http://seleniumhq.org/exceptions/no_such_element.html
Build info: version: &apos;2.47.0&apos;, revision: &apos;0e4837e94b1fad0db93e88cd972ed3e235a22892&apos;, time: &apos;2015-07-29 15:58:41&apos;
System info: host: &apos;PC143191&apos;, ip: &apos;10.242.193.102&apos;, os.name: &apos;Windows 7&apos;, os.arch: &apos;x86&apos;, os.version: &apos;6.1&apos;, java.version: &apos;1.8.0_51&apos;
Driver info: org.openqa.selenium.chrome.ChromeDriver
Capabilities [{applicationCacheEnabled=false, rotatable=false, mobileEmulationEnabled=false, chrome={userDataDir=C:\Users\489163.CTS\AppData\Local\Temp\scoped_dir13532_4797}, takesHeapSnapshot=true, databaseEnabled=false, handlesAlerts=true, version=46.0.2490.71, platform=XP, browserConnectionEnabled=false, nativeEvents=true, acceptSslCerts=true, locationContextEnabled=true, webStorageEnabled=true, browserName=chrome, takesScreenshot=true, javascriptEnabled=true, cssSelectorsEnabled=true}]
Session ID: 767a35f292108ba2724e2bc7dd46d9cb
*** Element info: {Using=xpath, value=.//*[@id=&apos;login_form&apos;]/div[4]/div[2]/button123}
	at sun.reflect.NativeConstructorAccessorImpl.newInstance0(Native Method)
	at sun.reflect.NativeConstructorAccessorImpl.newInstance(NativeConstructorAccessorImpl.java:62)
	at sun.reflect.DelegatingConstructorAccessorImpl.newInstance(DelegatingConstructorAccessorImpl.java:45)
	at java.lang.reflect.Constructor.newInstance(Constructor.java:422)
	at org.openqa.selenium.remote.ErrorHandler.createThrowable(ErrorHandler.java:206)
	at org.openqa.selenium.remote.ErrorHandler.throwIfResponseFailed(ErrorHandler.java:158)
	at org.openqa.selenium.remote.RemoteWebDriver.execute(RemoteWebDriver.java:595)
	at org.openqa.selenium.remote.RemoteWebDriver.findElement(RemoteWebDriver.java:348)
	at org.openqa.selenium.remote.RemoteWebDriver.findElementByXPath(RemoteWebDriver.java:445)
	at org.openqa.selenium.By$ByXPath.findElement(By.java:358)
	at org.openqa.selenium.remote.RemoteWebDriver.findElement(RemoteWebDriver.java:340)
	at org.openqa.selenium.support.pagefactory.DefaultElementLocator.findElement(DefaultElementLocator.java:69)
	at org.openqa.selenium.support.pagefactory.internal.LocatingElementHandler.invoke(LocatingElementHandler.java:38)
	at com.sun.proxy.$Proxy10.isDisplayed(Unknown Source)
	at org.openqa.selenium.support.ui.ExpectedConditions.elementIfVisible(ExpectedConditions.java:302)
	at org.openqa.selenium.support.ui.ExpectedConditions.access$100(ExpectedConditions.java:41)
	at org.openqa.selenium.support.ui.ExpectedConditions$10.apply(ExpectedConditions.java:288)
	at org.openqa.selenium.support.ui.ExpectedConditions$10.apply(ExpectedConditions.java:285)
	at org.openqa.selenium.support.ui.FluentWait.until(FluentWait.java:209)
	... 38 more
</system-err>
  </testcase>
  <testcase classname="com.mop.qa.test.bvt.Test_TakeAssesment" name="testNBC" time="11.024"/>
  <testcase classname="com.mop.qa.test.bvt.Test_Schedule_Assesment" name="testNBC" time="99.247">
    <failure message="Exception on clicking webelementClick Loginorg.openqa.selenium.TimeoutException: Timed out after 60 seconds waiting for visibility of Proxy element for: org.openqa.selenium.support.pagefactory.DefaultElementLocator@604b81
Build info: version: &apos;2.47.0&apos;, revision: &apos;0e4837e94b1fad0db93e88cd972ed3e235a22892&apos;, time: &apos;2015-07-29 15:58:41&apos;
System info: host: &apos;PC143191&apos;, ip: &apos;10.242.193.102&apos;, os.name: &apos;Windows 7&apos;, os.arch: &apos;x86&apos;, os.version: &apos;6.1&apos;, java.version: &apos;1.8.0_51&apos;
Driver info: org.openqa.selenium.chrome.ChromeDriver
Capabilities [{applicationCacheEnabled=false, rotatable=false, mobileEmulationEnabled=false, chrome={userDataDir=C:\Users\489163.CTS\AppData\Local\Temp\scoped_dir13532_4797}, takesHeapSnapshot=true, databaseEnabled=false, handlesAlerts=true, version=46.0.2490.71, platform=XP, browserConnectionEnabled=false, nativeEvents=true, acceptSslCerts=true, locationContextEnabled=true, webStorageEnabled=true, browserName=chrome, takesScreenshot=true, javascriptEnabled=true, cssSelectorsEnabled=true}]
Session ID: 767a35f292108ba2724e2bc7dd46d9cb" type="junit.framework.AssertionFailedError">junit.framework.AssertionFailedError: Exception on clicking webelementClick Loginorg.openqa.selenium.TimeoutException: Timed out after 60 seconds waiting for visibility of Proxy element for: org.openqa.selenium.support.pagefactory.DefaultElementLocator@604b81
Build info: version: &apos;2.47.0&apos;, revision: &apos;0e4837e94b1fad0db93e88cd972ed3e235a22892&apos;, time: &apos;2015-07-29 15:58:41&apos;
System info: host: &apos;PC143191&apos;, ip: &apos;10.242.193.102&apos;, os.name: &apos;Windows 7&apos;, os.arch: &apos;x86&apos;, os.version: &apos;6.1&apos;, java.version: &apos;1.8.0_51&apos;
Driver info: org.openqa.selenium.chrome.ChromeDriver
Capabilities [{applicationCacheEnabled=false, rotatable=false, mobileEmulationEnabled=false, chrome={userDataDir=C:\Users\489163.CTS\AppData\Local\Temp\scoped_dir13532_4797}, takesHeapSnapshot=true, databaseEnabled=false, handlesAlerts=true, version=46.0.2490.71, platform=XP, browserConnectionEnabled=false, nativeEvents=true, acceptSslCerts=true, locationContextEnabled=true, webStorageEnabled=true, browserName=chrome, takesScreenshot=true, javascriptEnabled=true, cssSelectorsEnabled=true}]
Session ID: 767a35f292108ba2724e2bc7dd46d9cb
	at com.mop.qa.Utilities.ReportGenerator.logException(ReportGenerator.java:233)
	at com.mop.qa.testbase.PageBase_Appium.click(PageBase_Appium.java:321)
	at com.mop.qa.pageobject.Schedule_Assesment.clickLogin(Schedule_Assesment.java:131)
	at com.mop.qa.pageobject.Schedule_Assesment.login(Schedule_Assesment.java:147)
	at com.mop.qa.test.bvt.Test_Schedule_Assesment.testNBC(Test_Schedule_Assesment.java:19)
</failure>
    <system-out>test name is Test9
</system-out>
    <system-err>org.openqa.selenium.TimeoutException: Timed out after 60 seconds waiting for visibility of Proxy element for: org.openqa.selenium.support.pagefactory.DefaultElementLocator@604b81
Build info: version: &apos;2.47.0&apos;, revision: &apos;0e4837e94b1fad0db93e88cd972ed3e235a22892&apos;, time: &apos;2015-07-29 15:58:41&apos;
System info: host: &apos;PC143191&apos;, ip: &apos;10.242.193.102&apos;, os.name: &apos;Windows 7&apos;, os.arch: &apos;x86&apos;, os.version: &apos;6.1&apos;, java.version: &apos;1.8.0_51&apos;
Driver info: org.openqa.selenium.chrome.ChromeDriver
Capabilities [{applicationCacheEnabled=false, rotatable=false, mobileEmulationEnabled=false, chrome={userDataDir=C:\Users\489163.CTS\AppData\Local\Temp\scoped_dir13532_4797}, takesHeapSnapshot=true, databaseEnabled=false, handlesAlerts=true, version=46.0.2490.71, platform=XP, browserConnectionEnabled=false, nativeEvents=true, acceptSslCerts=true, locationContextEnabled=true, webStorageEnabled=true, browserName=chrome, takesScreenshot=true, javascriptEnabled=true, cssSelectorsEnabled=true}]
Session ID: 767a35f292108ba2724e2bc7dd46d9cb
	at org.openqa.selenium.support.ui.WebDriverWait.timeoutException(WebDriverWait.java:80)
	at org.openqa.selenium.support.ui.FluentWait.until(FluentWait.java:229)
	at com.mop.qa.testbase.PageBase_Appium.click(PageBase_Appium.java:310)
	at com.mop.qa.pageobject.Schedule_Assesment.clickLogin(Schedule_Assesment.java:131)
	at com.mop.qa.pageobject.Schedule_Assesment.login(Schedule_Assesment.java:147)
	at com.mop.qa.test.bvt.Test_Schedule_Assesment.testNBC(Test_Schedule_Assesment.java:19)
	at sun.reflect.NativeMethodAccessorImpl.invoke0(Native Method)
	at sun.reflect.NativeMethodAccessorImpl.invoke(NativeMethodAccessorImpl.java:62)
	at sun.reflect.DelegatingMethodAccessorImpl.invoke(DelegatingMethodAccessorImpl.java:43)
	at java.lang.reflect.Method.invoke(Method.java:497)
	at org.testng.internal.MethodInvocationHelper.invokeMethod(MethodInvocationHelper.java:84)
	at org.testng.internal.Invoker.invokeMethod(Invoker.java:714)
	at org.testng.internal.Invoker.invokeTestMethod(Invoker.java:901)
	at org.testng.internal.Invoker.invokeTestMethods(Invoker.java:1231)
	at org.testng.internal.TestMethodWorker.invokeTestMethods(TestMethodWorker.java:127)
	at org.testng.internal.TestMethodWorker.run(TestMethodWorker.java:111)
	at org.testng.TestRunner.privateRun(TestRunner.java:767)
	at org.testng.TestRunner.run(TestRunner.java:617)
	at org.testng.SuiteRunner.runTest(SuiteRunner.java:348)
	at org.testng.SuiteRunner.runSequentially(SuiteRunner.java:343)
	at org.testng.SuiteRunner.privateRun(SuiteRunner.java:305)
	at org.testng.SuiteRunner.run(SuiteRunner.java:254)
	at org.testng.SuiteRunnerWorker.runSuite(SuiteRunnerWorker.java:52)
	at org.testng.SuiteRunnerWorker.run(SuiteRunnerWorker.java:86)
	at org.testng.TestNG.runSuitesSequentially(TestNG.java:1224)
	at org.testng.TestNG.runSuitesSequentially(TestNG.java:1220)
	at org.testng.TestNG.runSuitesLocally(TestNG.java:1149)
	at org.testng.TestNG.run(TestNG.java:1057)
	at org.apache.maven.surefire.testng.TestNGExecutor.run(TestNGExecutor.java:177)
	at org.apache.maven.surefire.testng.TestNGXmlTestSuite.execute(TestNGXmlTestSuite.java:92)
	at org.apache.maven.surefire.testng.TestNGProvider.invoke(TestNGProvider.java:105)
	at sun.reflect.NativeMethodAccessorImpl.invoke0(Native Method)
	at sun.reflect.NativeMethodAccessorImpl.invoke(NativeMethodAccessorImpl.java:62)
	at sun.reflect.DelegatingMethodAccessorImpl.invoke(DelegatingMethodAccessorImpl.java:43)
	at java.lang.reflect.Method.invoke(Method.java:497)
	at org.apache.maven.surefire.util.ReflectionUtils.invokeMethodWithArray(ReflectionUtils.java:189)
	at org.apache.maven.surefire.booter.ProviderFactory$ProviderProxy.invoke(ProviderFactory.java:165)
	at org.apache.maven.surefire.booter.ProviderFactory.invokeProvider(ProviderFactory.java:85)
	at org.apache.maven.surefire.booter.ForkedBooter.runSuitesInProcess(ForkedBooter.java:103)
	at org.apache.maven.surefire.booter.ForkedBooter.main(ForkedBooter.java:74)
Caused by: org.openqa.selenium.NoSuchElementException: no such element
  (Session info: chrome=46.0.2490.71)
  (Driver info: chromedriver=2.14.313457 (3d645c400edf2e2c500566c9aa096063e707c9cf),platform=Windows NT 6.1 SP1 x86) (WARNING: The server did not provide any stacktrace information)
Command duration or timeout: 30.05 seconds
For documentation on this error, please visit: http://seleniumhq.org/exceptions/no_such_element.html
Build info: version: &apos;2.47.0&apos;, revision: &apos;0e4837e94b1fad0db93e88cd972ed3e235a22892&apos;, time: &apos;2015-07-29 15:58:41&apos;
System info: host: &apos;PC143191&apos;, ip: &apos;10.242.193.102&apos;, os.name: &apos;Windows 7&apos;, os.arch: &apos;x86&apos;, os.version: &apos;6.1&apos;, java.version: &apos;1.8.0_51&apos;
Driver info: org.openqa.selenium.chrome.ChromeDriver
Capabilities [{applicationCacheEnabled=false, rotatable=false, mobileEmulationEnabled=false, chrome={userDataDir=C:\Users\489163.CTS\AppData\Local\Temp\scoped_dir13532_4797}, takesHeapSnapshot=true, databaseEnabled=false, handlesAlerts=true, version=46.0.2490.71, platform=XP, browserConnectionEnabled=false, nativeEvents=true, acceptSslCerts=true, locationContextEnabled=true, webStorageEnabled=true, browserName=chrome, takesScreenshot=true, javascriptEnabled=true, cssSelectorsEnabled=true}]
Session ID: 767a35f292108ba2724e2bc7dd46d9cb
*** Element info: {Using=xpath, value=.//*[@id=&apos;login_form&apos;]/div[4]/div[2]/button123}
	at sun.reflect.NativeConstructorAccessorImpl.newInstance0(Native Method)
	at sun.reflect.NativeConstructorAccessorImpl.newInstance(NativeConstructorAccessorImpl.java:62)
	at sun.reflect.DelegatingConstructorAccessorImpl.newInstance(DelegatingConstructorAccessorImpl.java:45)
	at java.lang.reflect.Constructor.newInstance(Constructor.java:422)
	at org.openqa.selenium.remote.ErrorHandler.createThrowable(ErrorHandler.java:206)
	at org.openqa.selenium.remote.ErrorHandler.throwIfResponseFailed(ErrorHandler.java:158)
	at org.openqa.selenium.remote.RemoteWebDriver.execute(RemoteWebDriver.java:595)
	at org.openqa.selenium.remote.RemoteWebDriver.findElement(RemoteWebDriver.java:348)
	at org.openqa.selenium.remote.RemoteWebDriver.findElementByXPath(RemoteWebDriver.java:445)
	at org.openqa.selenium.By$ByXPath.findElement(By.java:358)
	at org.openqa.selenium.remote.RemoteWebDriver.findElement(RemoteWebDriver.java:340)
	at org.openqa.selenium.support.pagefactory.DefaultElementLocator.findElement(DefaultElementLocator.java:69)
	at org.openqa.selenium.support.pagefactory.internal.LocatingElementHandler.invoke(LocatingElementHandler.java:38)
	at com.sun.proxy.$Proxy10.isDisplayed(Unknown Source)
	at org.openqa.selenium.support.ui.ExpectedConditions.elementIfVisible(ExpectedConditions.java:302)
	at org.openqa.selenium.support.ui.ExpectedConditions.access$100(ExpectedConditions.java:41)
	at org.openqa.selenium.support.ui.ExpectedConditions$10.apply(ExpectedConditions.java:288)
	at org.openqa.selenium.support.ui.ExpectedConditions$10.apply(ExpectedConditions.java:285)
	at org.openqa.selenium.support.ui.FluentWait.until(FluentWait.java:209)
	... 38 more
</system-err>
  </testcase>
  <testcase classname="com.mop.qa.test.bvt.Test_TakeAssesment" name="testNBC" time="10.892"/>
  <testcase classname="com.mop.qa.test.bvt.Test_Schedule_Assesment" name="testNBC" time="99.48">
    <failure message="Exception on clicking webelementClick Loginorg.openqa.selenium.TimeoutException: Timed out after 60 seconds waiting for visibility of Proxy element for: org.openqa.selenium.support.pagefactory.DefaultElementLocator@139e7aa
Build info: version: &apos;2.47.0&apos;, revision: &apos;0e4837e94b1fad0db93e88cd972ed3e235a22892&apos;, time: &apos;2015-07-29 15:58:41&apos;
System info: host: &apos;PC143191&apos;, ip: &apos;10.242.193.102&apos;, os.name: &apos;Windows 7&apos;, os.arch: &apos;x86&apos;, os.version: &apos;6.1&apos;, java.version: &apos;1.8.0_51&apos;
Driver info: org.openqa.selenium.chrome.ChromeDriver
Capabilities [{applicationCacheEnabled=false, rotatable=false, mobileEmulationEnabled=false, chrome={userDataDir=C:\Users\489163.CTS\AppData\Local\Temp\scoped_dir13532_4797}, takesHeapSnapshot=true, databaseEnabled=false, handlesAlerts=true, version=46.0.2490.71, platform=XP, browserConnectionEnabled=false, nativeEvents=true, acceptSslCerts=true, locationContextEnabled=true, webStorageEnabled=true, browserName=chrome, takesScreenshot=true, javascriptEnabled=true, cssSelectorsEnabled=true}]
Session ID: 767a35f292108ba2724e2bc7dd46d9cb" type="junit.framework.AssertionFailedError">junit.framework.AssertionFailedError: Exception on clicking webelementClick Loginorg.openqa.selenium.TimeoutException: Timed out after 60 seconds waiting for visibility of Proxy element for: org.openqa.selenium.support.pagefactory.DefaultElementLocator@139e7aa
Build info: version: &apos;2.47.0&apos;, revision: &apos;0e4837e94b1fad0db93e88cd972ed3e235a22892&apos;, time: &apos;2015-07-29 15:58:41&apos;
System info: host: &apos;PC143191&apos;, ip: &apos;10.242.193.102&apos;, os.name: &apos;Windows 7&apos;, os.arch: &apos;x86&apos;, os.version: &apos;6.1&apos;, java.version: &apos;1.8.0_51&apos;
Driver info: org.openqa.selenium.chrome.ChromeDriver
Capabilities [{applicationCacheEnabled=false, rotatable=false, mobileEmulationEnabled=false, chrome={userDataDir=C:\Users\489163.CTS\AppData\Local\Temp\scoped_dir13532_4797}, takesHeapSnapshot=true, databaseEnabled=false, handlesAlerts=true, version=46.0.2490.71, platform=XP, browserConnectionEnabled=false, nativeEvents=true, acceptSslCerts=true, locationContextEnabled=true, webStorageEnabled=true, browserName=chrome, takesScreenshot=true, javascriptEnabled=true, cssSelectorsEnabled=true}]
Session ID: 767a35f292108ba2724e2bc7dd46d9cb
	at com.mop.qa.Utilities.ReportGenerator.logException(ReportGenerator.java:233)
	at com.mop.qa.testbase.PageBase_Appium.click(PageBase_Appium.java:321)
	at com.mop.qa.pageobject.Schedule_Assesment.clickLogin(Schedule_Assesment.java:131)
	at com.mop.qa.pageobject.Schedule_Assesment.login(Schedule_Assesment.java:147)
	at com.mop.qa.test.bvt.Test_Schedule_Assesment.testNBC(Test_Schedule_Assesment.java:19)
</failure>
    <system-out>test name is Test5
</system-out>
    <system-err>org.openqa.selenium.TimeoutException: Timed out after 60 seconds waiting for visibility of Proxy element for: org.openqa.selenium.support.pagefactory.DefaultElementLocator@139e7aa
Build info: version: &apos;2.47.0&apos;, revision: &apos;0e4837e94b1fad0db93e88cd972ed3e235a22892&apos;, time: &apos;2015-07-29 15:58:41&apos;
System info: host: &apos;PC143191&apos;, ip: &apos;10.242.193.102&apos;, os.name: &apos;Windows 7&apos;, os.arch: &apos;x86&apos;, os.version: &apos;6.1&apos;, java.version: &apos;1.8.0_51&apos;
Driver info: org.openqa.selenium.chrome.ChromeDriver
Capabilities [{applicationCacheEnabled=false, rotatable=false, mobileEmulationEnabled=false, chrome={userDataDir=C:\Users\489163.CTS\AppData\Local\Temp\scoped_dir13532_4797}, takesHeapSnapshot=true, databaseEnabled=false, handlesAlerts=true, version=46.0.2490.71, platform=XP, browserConnectionEnabled=false, nativeEvents=true, acceptSslCerts=true, locationContextEnabled=true, webStorageEnabled=true, browserName=chrome, takesScreenshot=true, javascriptEnabled=true, cssSelectorsEnabled=true}]
Session ID: 767a35f292108ba2724e2bc7dd46d9cb
	at org.openqa.selenium.support.ui.WebDriverWait.timeoutException(WebDriverWait.java:80)
	at org.openqa.selenium.support.ui.FluentWait.until(FluentWait.java:229)
	at com.mop.qa.testbase.PageBase_Appium.click(PageBase_Appium.java:310)
	at com.mop.qa.pageobject.Schedule_Assesment.clickLogin(Schedule_Assesment.java:131)
	at com.mop.qa.pageobject.Schedule_Assesment.login(Schedule_Assesment.java:147)
	at com.mop.qa.test.bvt.Test_Schedule_Assesment.testNBC(Test_Schedule_Assesment.java:19)
	at sun.reflect.NativeMethodAccessorImpl.invoke0(Native Method)
	at sun.reflect.NativeMethodAccessorImpl.invoke(NativeMethodAccessorImpl.java:62)
	at sun.reflect.DelegatingMethodAccessorImpl.invoke(DelegatingMethodAccessorImpl.java:43)
	at java.lang.reflect.Method.invoke(Method.java:497)
	at org.testng.internal.MethodInvocationHelper.invokeMethod(MethodInvocationHelper.java:84)
	at org.testng.internal.Invoker.invokeMethod(Invoker.java:714)
	at org.testng.internal.Invoker.invokeTestMethod(Invoker.java:901)
	at org.testng.internal.Invoker.invokeTestMethods(Invoker.java:1231)
	at org.testng.internal.TestMethodWorker.invokeTestMethods(TestMethodWorker.java:127)
	at org.testng.internal.TestMethodWorker.run(TestMethodWorker.java:111)
	at org.testng.TestRunner.privateRun(TestRunner.java:767)
	at org.testng.TestRunner.run(TestRunner.java:617)
	at org.testng.SuiteRunner.runTest(SuiteRunner.java:348)
	at org.testng.SuiteRunner.runSequentially(SuiteRunner.java:343)
	at org.testng.SuiteRunner.privateRun(SuiteRunner.java:305)
	at org.testng.SuiteRunner.run(SuiteRunner.java:254)
	at org.testng.SuiteRunnerWorker.runSuite(SuiteRunnerWorker.java:52)
	at org.testng.SuiteRunnerWorker.run(SuiteRunnerWorker.java:86)
	at org.testng.TestNG.runSuitesSequentially(TestNG.java:1224)
	at org.testng.TestNG.runSuitesSequentially(TestNG.java:1220)
	at org.testng.TestNG.runSuitesLocally(TestNG.java:1149)
	at org.testng.TestNG.run(TestNG.java:1057)
	at org.apache.maven.surefire.testng.TestNGExecutor.run(TestNGExecutor.java:177)
	at org.apache.maven.surefire.testng.TestNGXmlTestSuite.execute(TestNGXmlTestSuite.java:92)
	at org.apache.maven.surefire.testng.TestNGProvider.invoke(TestNGProvider.java:105)
	at sun.reflect.NativeMethodAccessorImpl.invoke0(Native Method)
	at sun.reflect.NativeMethodAccessorImpl.invoke(NativeMethodAccessorImpl.java:62)
	at sun.reflect.DelegatingMethodAccessorImpl.invoke(DelegatingMethodAccessorImpl.java:43)
	at java.lang.reflect.Method.invoke(Method.java:497)
	at org.apache.maven.surefire.util.ReflectionUtils.invokeMethodWithArray(ReflectionUtils.java:189)
	at org.apache.maven.surefire.booter.ProviderFactory$ProviderProxy.invoke(ProviderFactory.java:165)
	at org.apache.maven.surefire.booter.ProviderFactory.invokeProvider(ProviderFactory.java:85)
	at org.apache.maven.surefire.booter.ForkedBooter.runSuitesInProcess(ForkedBooter.java:103)
	at org.apache.maven.surefire.booter.ForkedBooter.main(ForkedBooter.java:74)
Caused by: org.openqa.selenium.NoSuchElementException: no such element
  (Session info: chrome=46.0.2490.71)
  (Driver info: chromedriver=2.14.313457 (3d645c400edf2e2c500566c9aa096063e707c9cf),platform=Windows NT 6.1 SP1 x86) (WARNING: The server did not provide any stacktrace information)
Command duration or timeout: 30.05 seconds
For documentation on this error, please visit: http://seleniumhq.org/exceptions/no_such_element.html
Build info: version: &apos;2.47.0&apos;, revision: &apos;0e4837e94b1fad0db93e88cd972ed3e235a22892&apos;, time: &apos;2015-07-29 15:58:41&apos;
System info: host: &apos;PC143191&apos;, ip: &apos;10.242.193.102&apos;, os.name: &apos;Windows 7&apos;, os.arch: &apos;x86&apos;, os.version: &apos;6.1&apos;, java.version: &apos;1.8.0_51&apos;
Driver info: org.openqa.selenium.chrome.ChromeDriver
Capabilities [{applicationCacheEnabled=false, rotatable=false, mobileEmulationEnabled=false, chrome={userDataDir=C:\Users\489163.CTS\AppData\Local\Temp\scoped_dir13532_4797}, takesHeapSnapshot=true, databaseEnabled=false, handlesAlerts=true, version=46.0.2490.71, platform=XP, browserConnectionEnabled=false, nativeEvents=true, acceptSslCerts=true, locationContextEnabled=true, webStorageEnabled=true, browserName=chrome, takesScreenshot=true, javascriptEnabled=true, cssSelectorsEnabled=true}]
Session ID: 767a35f292108ba2724e2bc7dd46d9cb
*** Element info: {Using=xpath, value=.//*[@id=&apos;login_form&apos;]/div[4]/div[2]/button123}
	at sun.reflect.NativeConstructorAccessorImpl.newInstance0(Native Method)
	at sun.reflect.NativeConstructorAccessorImpl.newInstance(NativeConstructorAccessorImpl.java:62)
	at sun.reflect.DelegatingConstructorAccessorImpl.newInstance(DelegatingConstructorAccessorImpl.java:45)
	at java.lang.reflect.Constructor.newInstance(Constructor.java:422)
	at org.openqa.selenium.remote.ErrorHandler.createThrowable(ErrorHandler.java:206)
	at org.openqa.selenium.remote.ErrorHandler.throwIfResponseFailed(ErrorHandler.java:158)
	at org.openqa.selenium.remote.RemoteWebDriver.execute(RemoteWebDriver.java:595)
	at org.openqa.selenium.remote.RemoteWebDriver.findElement(RemoteWebDriver.java:348)
	at org.openqa.selenium.remote.RemoteWebDriver.findElementByXPath(RemoteWebDriver.java:445)
	at org.openqa.selenium.By$ByXPath.findElement(By.java:358)
	at org.openqa.selenium.remote.RemoteWebDriver.findElement(RemoteWebDriver.java:340)
	at org.openqa.selenium.support.pagefactory.DefaultElementLocator.findElement(DefaultElementLocator.java:69)
	at org.openqa.selenium.support.pagefactory.internal.LocatingElementHandler.invoke(LocatingElementHandler.java:38)
	at com.sun.proxy.$Proxy10.isDisplayed(Unknown Source)
	at org.openqa.selenium.support.ui.ExpectedConditions.elementIfVisible(ExpectedConditions.java:302)
	at org.openqa.selenium.support.ui.ExpectedConditions.access$100(ExpectedConditions.java:41)
	at org.openqa.selenium.support.ui.ExpectedConditions$10.apply(ExpectedConditions.java:288)
	at org.openqa.selenium.support.ui.ExpectedConditions$10.apply(ExpectedConditions.java:285)
	at org.openqa.selenium.support.ui.FluentWait.until(FluentWait.java:209)
	... 38 more
</system-err>
  </testcase>
  <testcase classname="com.mop.qa.test.bvt.Test_TakeAssesment" name="testNBC" time="11.289"/>
  <testcase classname="com.mop.qa.test.bvt.Test_Schedule_Assesment" name="testNBC" time="99.388">
    <failure message="Exception on clicking webelementClick Loginorg.openqa.selenium.TimeoutException: Timed out after 60 seconds waiting for visibility of Proxy element for: org.openqa.selenium.support.pagefactory.DefaultElementLocator@856961
Build info: version: &apos;2.47.0&apos;, revision: &apos;0e4837e94b1fad0db93e88cd972ed3e235a22892&apos;, time: &apos;2015-07-29 15:58:41&apos;
System info: host: &apos;PC143191&apos;, ip: &apos;10.242.193.102&apos;, os.name: &apos;Windows 7&apos;, os.arch: &apos;x86&apos;, os.version: &apos;6.1&apos;, java.version: &apos;1.8.0_51&apos;
Driver info: org.openqa.selenium.chrome.ChromeDriver
Capabilities [{applicationCacheEnabled=false, rotatable=false, mobileEmulationEnabled=false, chrome={userDataDir=C:\Users\489163.CTS\AppData\Local\Temp\scoped_dir13532_4797}, takesHeapSnapshot=true, databaseEnabled=false, handlesAlerts=true, version=46.0.2490.71, platform=XP, browserConnectionEnabled=false, nativeEvents=true, acceptSslCerts=true, locationContextEnabled=true, webStorageEnabled=true, browserName=chrome, takesScreenshot=true, javascriptEnabled=true, cssSelectorsEnabled=true}]
Session ID: 767a35f292108ba2724e2bc7dd46d9cb" type="junit.framework.AssertionFailedError">junit.framework.AssertionFailedError: Exception on clicking webelementClick Loginorg.openqa.selenium.TimeoutException: Timed out after 60 seconds waiting for visibility of Proxy element for: org.openqa.selenium.support.pagefactory.DefaultElementLocator@856961
Build info: version: &apos;2.47.0&apos;, revision: &apos;0e4837e94b1fad0db93e88cd972ed3e235a22892&apos;, time: &apos;2015-07-29 15:58:41&apos;
System info: host: &apos;PC143191&apos;, ip: &apos;10.242.193.102&apos;, os.name: &apos;Windows 7&apos;, os.arch: &apos;x86&apos;, os.version: &apos;6.1&apos;, java.version: &apos;1.8.0_51&apos;
Driver info: org.openqa.selenium.chrome.ChromeDriver
Capabilities [{applicationCacheEnabled=false, rotatable=false, mobileEmulationEnabled=false, chrome={userDataDir=C:\Users\489163.CTS\AppData\Local\Temp\scoped_dir13532_4797}, takesHeapSnapshot=true, databaseEnabled=false, handlesAlerts=true, version=46.0.2490.71, platform=XP, browserConnectionEnabled=false, nativeEvents=true, acceptSslCerts=true, locationContextEnabled=true, webStorageEnabled=true, browserName=chrome, takesScreenshot=true, javascriptEnabled=true, cssSelectorsEnabled=true}]
Session ID: 767a35f292108ba2724e2bc7dd46d9cb
	at com.mop.qa.Utilities.ReportGenerator.logException(ReportGenerator.java:233)
	at com.mop.qa.testbase.PageBase_Appium.click(PageBase_Appium.java:321)
	at com.mop.qa.pageobject.Schedule_Assesment.clickLogin(Schedule_Assesment.java:131)
	at com.mop.qa.pageobject.Schedule_Assesment.login(Schedule_Assesment.java:147)
	at com.mop.qa.test.bvt.Test_Schedule_Assesment.testNBC(Test_Schedule_Assesment.java:19)
</failure>
    <system-out>test name is Test7
</system-out>
    <system-err>org.openqa.selenium.TimeoutException: Timed out after 60 seconds waiting for visibility of Proxy element for: org.openqa.selenium.support.pagefactory.DefaultElementLocator@856961
Build info: version: &apos;2.47.0&apos;, revision: &apos;0e4837e94b1fad0db93e88cd972ed3e235a22892&apos;, time: &apos;2015-07-29 15:58:41&apos;
System info: host: &apos;PC143191&apos;, ip: &apos;10.242.193.102&apos;, os.name: &apos;Windows 7&apos;, os.arch: &apos;x86&apos;, os.version: &apos;6.1&apos;, java.version: &apos;1.8.0_51&apos;
Driver info: org.openqa.selenium.chrome.ChromeDriver
Capabilities [{applicationCacheEnabled=false, rotatable=false, mobileEmulationEnabled=false, chrome={userDataDir=C:\Users\489163.CTS\AppData\Local\Temp\scoped_dir13532_4797}, takesHeapSnapshot=true, databaseEnabled=false, handlesAlerts=true, version=46.0.2490.71, platform=XP, browserConnectionEnabled=false, nativeEvents=true, acceptSslCerts=true, locationContextEnabled=true, webStorageEnabled=true, browserName=chrome, takesScreenshot=true, javascriptEnabled=true, cssSelectorsEnabled=true}]
Session ID: 767a35f292108ba2724e2bc7dd46d9cb
	at org.openqa.selenium.support.ui.WebDriverWait.timeoutException(WebDriverWait.java:80)
	at org.openqa.selenium.support.ui.FluentWait.until(FluentWait.java:229)
	at com.mop.qa.testbase.PageBase_Appium.click(PageBase_Appium.java:310)
	at com.mop.qa.pageobject.Schedule_Assesment.clickLogin(Schedule_Assesment.java:131)
	at com.mop.qa.pageobject.Schedule_Assesment.login(Schedule_Assesment.java:147)
	at com.mop.qa.test.bvt.Test_Schedule_Assesment.testNBC(Test_Schedule_Assesment.java:19)
	at sun.reflect.NativeMethodAccessorImpl.invoke0(Native Method)
	at sun.reflect.NativeMethodAccessorImpl.invoke(NativeMethodAccessorImpl.java:62)
	at sun.reflect.DelegatingMethodAccessorImpl.invoke(DelegatingMethodAccessorImpl.java:43)
	at java.lang.reflect.Method.invoke(Method.java:497)
	at org.testng.internal.MethodInvocationHelper.invokeMethod(MethodInvocationHelper.java:84)
	at org.testng.internal.Invoker.invokeMethod(Invoker.java:714)
	at org.testng.internal.Invoker.invokeTestMethod(Invoker.java:901)
	at org.testng.internal.Invoker.invokeTestMethods(Invoker.java:1231)
	at org.testng.internal.TestMethodWorker.invokeTestMethods(TestMethodWorker.java:127)
	at org.testng.internal.TestMethodWorker.run(TestMethodWorker.java:111)
	at org.testng.TestRunner.privateRun(TestRunner.java:767)
	at org.testng.TestRunner.run(TestRunner.java:617)
	at org.testng.SuiteRunner.runTest(SuiteRunner.java:348)
	at org.testng.SuiteRunner.runSequentially(SuiteRunner.java:343)
	at org.testng.SuiteRunner.privateRun(SuiteRunner.java:305)
	at org.testng.SuiteRunner.run(SuiteRunner.java:254)
	at org.testng.SuiteRunnerWorker.runSuite(SuiteRunnerWorker.java:52)
	at org.testng.SuiteRunnerWorker.run(SuiteRunnerWorker.java:86)
	at org.testng.TestNG.runSuitesSequentially(TestNG.java:1224)
	at org.testng.TestNG.runSuitesSequentially(TestNG.java:1220)
	at org.testng.TestNG.runSuitesLocally(TestNG.java:1149)
	at org.testng.TestNG.run(TestNG.java:1057)
	at org.apache.maven.surefire.testng.TestNGExecutor.run(TestNGExecutor.java:177)
	at org.apache.maven.surefire.testng.TestNGXmlTestSuite.execute(TestNGXmlTestSuite.java:92)
	at org.apache.maven.surefire.testng.TestNGProvider.invoke(TestNGProvider.java:105)
	at sun.reflect.NativeMethodAccessorImpl.invoke0(Native Method)
	at sun.reflect.NativeMethodAccessorImpl.invoke(NativeMethodAccessorImpl.java:62)
	at sun.reflect.DelegatingMethodAccessorImpl.invoke(DelegatingMethodAccessorImpl.java:43)
	at java.lang.reflect.Method.invoke(Method.java:497)
	at org.apache.maven.surefire.util.ReflectionUtils.invokeMethodWithArray(ReflectionUtils.java:189)
	at org.apache.maven.surefire.booter.ProviderFactory$ProviderProxy.invoke(ProviderFactory.java:165)
	at org.apache.maven.surefire.booter.ProviderFactory.invokeProvider(ProviderFactory.java:85)
	at org.apache.maven.surefire.booter.ForkedBooter.runSuitesInProcess(ForkedBooter.java:103)
	at org.apache.maven.surefire.booter.ForkedBooter.main(ForkedBooter.java:74)
Caused by: org.openqa.selenium.NoSuchElementException: no such element
  (Session info: chrome=46.0.2490.71)
  (Driver info: chromedriver=2.14.313457 (3d645c400edf2e2c500566c9aa096063e707c9cf),platform=Windows NT 6.1 SP1 x86) (WARNING: The server did not provide any stacktrace information)
Command duration or timeout: 30.05 seconds
For documentation on this error, please visit: http://seleniumhq.org/exceptions/no_such_element.html
Build info: version: &apos;2.47.0&apos;, revision: &apos;0e4837e94b1fad0db93e88cd972ed3e235a22892&apos;, time: &apos;2015-07-29 15:58:41&apos;
System info: host: &apos;PC143191&apos;, ip: &apos;10.242.193.102&apos;, os.name: &apos;Windows 7&apos;, os.arch: &apos;x86&apos;, os.version: &apos;6.1&apos;, java.version: &apos;1.8.0_51&apos;
Driver info: org.openqa.selenium.chrome.ChromeDriver
Capabilities [{applicationCacheEnabled=false, rotatable=false, mobileEmulationEnabled=false, chrome={userDataDir=C:\Users\489163.CTS\AppData\Local\Temp\scoped_dir13532_4797}, takesHeapSnapshot=true, databaseEnabled=false, handlesAlerts=true, version=46.0.2490.71, platform=XP, browserConnectionEnabled=false, nativeEvents=true, acceptSslCerts=true, locationContextEnabled=true, webStorageEnabled=true, browserName=chrome, takesScreenshot=true, javascriptEnabled=true, cssSelectorsEnabled=true}]
Session ID: 767a35f292108ba2724e2bc7dd46d9cb
*** Element info: {Using=xpath, value=.//*[@id=&apos;login_form&apos;]/div[4]/div[2]/button123}
	at sun.reflect.NativeConstructorAccessorImpl.newInstance0(Native Method)
	at sun.reflect.NativeConstructorAccessorImpl.newInstance(NativeConstructorAccessorImpl.java:62)
	at sun.reflect.DelegatingConstructorAccessorImpl.newInstance(DelegatingConstructorAccessorImpl.java:45)
	at java.lang.reflect.Constructor.newInstance(Constructor.java:422)
	at org.openqa.selenium.remote.ErrorHandler.createThrowable(ErrorHandler.java:206)
	at org.openqa.selenium.remote.ErrorHandler.throwIfResponseFailed(ErrorHandler.java:158)
	at org.openqa.selenium.remote.RemoteWebDriver.execute(RemoteWebDriver.java:595)
	at org.openqa.selenium.remote.RemoteWebDriver.findElement(RemoteWebDriver.java:348)
	at org.openqa.selenium.remote.RemoteWebDriver.findElementByXPath(RemoteWebDriver.java:445)
	at org.openqa.selenium.By$ByXPath.findElement(By.java:358)
	at org.openqa.selenium.remote.RemoteWebDriver.findElement(RemoteWebDriver.java:340)
	at org.openqa.selenium.support.pagefactory.DefaultElementLocator.findElement(DefaultElementLocator.java:69)
	at org.openqa.selenium.support.pagefactory.internal.LocatingElementHandler.invoke(LocatingElementHandler.java:38)
	at com.sun.proxy.$Proxy10.isDisplayed(Unknown Source)
	at org.openqa.selenium.support.ui.ExpectedConditions.elementIfVisible(ExpectedConditions.java:302)
	at org.openqa.selenium.support.ui.ExpectedConditions.access$100(ExpectedConditions.java:41)
	at org.openqa.selenium.support.ui.ExpectedConditions$10.apply(ExpectedConditions.java:288)
	at org.openqa.selenium.support.ui.ExpectedConditions$10.apply(ExpectedConditions.java:285)
	at org.openqa.selenium.support.ui.FluentWait.until(FluentWait.java:209)
	... 38 more
</system-err>
  </testcase>
  <testcase classname="com.mop.qa.test.bvt.Test_TakeAssesment" name="testNBC" time="11.73"/>
  <testcase classname="com.mop.qa.test.bvt.Test_Schedule_Assesment" name="testNBC" time="104.625">
    <failure message="Exception on clicking webelementClick Loginorg.openqa.selenium.TimeoutException: Timed out after 60 seconds waiting for visibility of Proxy element for: org.openqa.selenium.support.pagefactory.DefaultElementLocator@ee6f53
Build info: version: &apos;2.47.0&apos;, revision: &apos;0e4837e94b1fad0db93e88cd972ed3e235a22892&apos;, time: &apos;2015-07-29 15:58:41&apos;
System info: host: &apos;PC143191&apos;, ip: &apos;10.242.193.102&apos;, os.name: &apos;Windows 7&apos;, os.arch: &apos;x86&apos;, os.version: &apos;6.1&apos;, java.version: &apos;1.8.0_51&apos;
Driver info: org.openqa.selenium.chrome.ChromeDriver
Capabilities [{applicationCacheEnabled=false, rotatable=false, mobileEmulationEnabled=false, chrome={userDataDir=C:\Users\489163.CTS\AppData\Local\Temp\scoped_dir13456_19156}, takesHeapSnapshot=true, databaseEnabled=false, handlesAlerts=true, version=46.0.2490.71, platform=XP, browserConnectionEnabled=false, nativeEvents=true, acceptSslCerts=true, locationContextEnabled=true, webStorageEnabled=true, browserName=chrome, takesScreenshot=true, javascriptEnabled=true, cssSelectorsEnabled=true}]
Session ID: 9c4235c034bae7456314c2bd51f87e02" type="junit.framework.AssertionFailedError">junit.framework.AssertionFailedError: Exception on clicking webelementClick Loginorg.openqa.selenium.TimeoutException: Timed out after 60 seconds waiting for visibility of Proxy element for: org.openqa.selenium.support.pagefactory.DefaultElementLocator@ee6f53
Build info: version: &apos;2.47.0&apos;, revision: &apos;0e4837e94b1fad0db93e88cd972ed3e235a22892&apos;, time: &apos;2015-07-29 15:58:41&apos;
System info: host: &apos;PC143191&apos;, ip: &apos;10.242.193.102&apos;, os.name: &apos;Windows 7&apos;, os.arch: &apos;x86&apos;, os.version: &apos;6.1&apos;, java.version: &apos;1.8.0_51&apos;
Driver info: org.openqa.selenium.chrome.ChromeDriver
Capabilities [{applicationCacheEnabled=false, rotatable=false, mobileEmulationEnabled=false, chrome={userDataDir=C:\Users\489163.CTS\AppData\Local\Temp\scoped_dir13456_19156}, takesHeapSnapshot=true, databaseEnabled=false, handlesAlerts=true, version=46.0.2490.71, platform=XP, browserConnectionEnabled=false, nativeEvents=true, acceptSslCerts=true, locationContextEnabled=true, webStorageEnabled=true, browserName=chrome, takesScreenshot=true, javascriptEnabled=true, cssSelectorsEnabled=true}]
Session ID: 9c4235c034bae7456314c2bd51f87e02
	at com.mop.qa.Utilities.ReportGenerator.logException(ReportGenerator.java:233)
	at com.mop.qa.testbase.PageBase_Appium.click(PageBase_Appium.java:321)
	at com.mop.qa.pageobject.Schedule_Assesment.clickLogin(Schedule_Assesment.java:131)
	at com.mop.qa.pageobject.Schedule_Assesment.login(Schedule_Assesment.java:147)
	at com.mop.qa.test.bvt.Test_Schedule_Assesment.testNBC(Test_Schedule_Assesment.java:19)
</failure>
    <system-out>test name is Test2
</system-out>
    <system-err>Starting ChromeDriver 2.14.313457 (3d645c400edf2e2c500566c9aa096063e707c9cf) on port 40874
Only local connections are allowed.
org.openqa.selenium.TimeoutException: Timed out after 60 seconds waiting for visibility of Proxy element for: org.openqa.selenium.support.pagefactory.DefaultElementLocator@ee6f53
Build info: version: &apos;2.47.0&apos;, revision: &apos;0e4837e94b1fad0db93e88cd972ed3e235a22892&apos;, time: &apos;2015-07-29 15:58:41&apos;
System info: host: &apos;PC143191&apos;, ip: &apos;10.242.193.102&apos;, os.name: &apos;Windows 7&apos;, os.arch: &apos;x86&apos;, os.version: &apos;6.1&apos;, java.version: &apos;1.8.0_51&apos;
Driver info: org.openqa.selenium.chrome.ChromeDriver
Capabilities [{applicationCacheEnabled=false, rotatable=false, mobileEmulationEnabled=false, chrome={userDataDir=C:\Users\489163.CTS\AppData\Local\Temp\scoped_dir13456_19156}, takesHeapSnapshot=true, databaseEnabled=false, handlesAlerts=true, version=46.0.2490.71, platform=XP, browserConnectionEnabled=false, nativeEvents=true, acceptSslCerts=true, locationContextEnabled=true, webStorageEnabled=true, browserName=chrome, takesScreenshot=true, javascriptEnabled=true, cssSelectorsEnabled=true}]
Session ID: 9c4235c034bae7456314c2bd51f87e02
	at org.openqa.selenium.support.ui.WebDriverWait.timeoutException(WebDriverWait.java:80)
	at org.openqa.selenium.support.ui.FluentWait.until(FluentWait.java:229)
	at com.mop.qa.testbase.PageBase_Appium.click(PageBase_Appium.java:310)
	at com.mop.qa.pageobject.Schedule_Assesment.clickLogin(Schedule_Assesment.java:131)
	at com.mop.qa.pageobject.Schedule_Assesment.login(Schedule_Assesment.java:147)
	at com.mop.qa.test.bvt.Test_Schedule_Assesment.testNBC(Test_Schedule_Assesment.java:19)
	at sun.reflect.NativeMethodAccessorImpl.invoke0(Native Method)
	at sun.reflect.NativeMethodAccessorImpl.invoke(NativeMethodAccessorImpl.java:62)
	at sun.reflect.DelegatingMethodAccessorImpl.invoke(DelegatingMethodAccessorImpl.java:43)
	at java.lang.reflect.Method.invoke(Method.java:497)
	at org.testng.internal.MethodInvocationHelper.invokeMethod(MethodInvocationHelper.java:84)
	at org.testng.internal.Invoker.invokeMethod(Invoker.java:714)
	at org.testng.internal.Invoker.invokeTestMethod(Invoker.java:901)
	at org.testng.internal.Invoker.invokeTestMethods(Invoker.java:1231)
	at org.testng.internal.TestMethodWorker.invokeTestMethods(TestMethodWorker.java:127)
	at org.testng.internal.TestMethodWorker.run(TestMethodWorker.java:111)
	at org.testng.TestRunner.privateRun(TestRunner.java:767)
	at org.testng.TestRunner.run(TestRunner.java:617)
	at org.testng.SuiteRunner.runTest(SuiteRunner.java:348)
	at org.testng.SuiteRunner.runSequentially(SuiteRunner.java:343)
	at org.testng.SuiteRunner.privateRun(SuiteRunner.java:305)
	at org.testng.SuiteRunner.run(SuiteRunner.java:254)
	at org.testng.SuiteRunnerWorker.runSuite(SuiteRunnerWorker.java:52)
	at org.testng.SuiteRunnerWorker.run(SuiteRunnerWorker.java:86)
	at org.testng.TestNG.runSuitesSequentially(TestNG.java:1224)
	at org.testng.TestNG.runSuitesSequentially(TestNG.java:1220)
	at org.testng.TestNG.runSuitesLocally(TestNG.java:1149)
	at org.testng.TestNG.run(TestNG.java:1057)
	at org.apache.maven.surefire.testng.TestNGExecutor.run(TestNGExecutor.java:177)
	at org.apache.maven.surefire.testng.TestNGXmlTestSuite.execute(TestNGXmlTestSuite.java:92)
	at org.apache.maven.surefire.testng.TestNGProvider.invoke(TestNGProvider.java:105)
	at sun.reflect.NativeMethodAccessorImpl.invoke0(Native Method)
	at sun.reflect.NativeMethodAccessorImpl.invoke(NativeMethodAccessorImpl.java:62)
	at sun.reflect.DelegatingMethodAccessorImpl.invoke(DelegatingMethodAccessorImpl.java:43)
	at java.lang.reflect.Method.invoke(Method.java:497)
	at org.apache.maven.surefire.util.ReflectionUtils.invokeMethodWithArray(ReflectionUtils.java:189)
	at org.apache.maven.surefire.booter.ProviderFactory$ProviderProxy.invoke(ProviderFactory.java:165)
	at org.apache.maven.surefire.booter.ProviderFactory.invokeProvider(ProviderFactory.java:85)
	at org.apache.maven.surefire.booter.ForkedBooter.runSuitesInProcess(ForkedBooter.java:103)
	at org.apache.maven.surefire.booter.ForkedBooter.main(ForkedBooter.java:74)
Caused by: org.openqa.selenium.NoSuchElementException: no such element
  (Session info: chrome=46.0.2490.71)
  (Driver info: chromedriver=2.14.313457 (3d645c400edf2e2c500566c9aa096063e707c9cf),platform=Windows NT 6.1 SP1 x86) (WARNING: The server did not provide any stacktrace information)
Command duration or timeout: 30.02 seconds
For documentation on this error, please visit: http://seleniumhq.org/exceptions/no_such_element.html
Build info: version: &apos;2.47.0&apos;, revision: &apos;0e4837e94b1fad0db93e88cd972ed3e235a22892&apos;, time: &apos;2015-07-29 15:58:41&apos;
System info: host: &apos;PC143191&apos;, ip: &apos;10.242.193.102&apos;, os.name: &apos;Windows 7&apos;, os.arch: &apos;x86&apos;, os.version: &apos;6.1&apos;, java.version: &apos;1.8.0_51&apos;
Driver info: org.openqa.selenium.chrome.ChromeDriver
Capabilities [{applicationCacheEnabled=false, rotatable=false, mobileEmulationEnabled=false, chrome={userDataDir=C:\Users\489163.CTS\AppData\Local\Temp\scoped_dir13456_19156}, takesHeapSnapshot=true, databaseEnabled=false, handlesAlerts=true, version=46.0.2490.71, platform=XP, browserConnectionEnabled=false, nativeEvents=true, acceptSslCerts=true, locationContextEnabled=true, webStorageEnabled=true, browserName=chrome, takesScreenshot=true, javascriptEnabled=true, cssSelectorsEnabled=true}]
Session ID: 9c4235c034bae7456314c2bd51f87e02
*** Element info: {Using=xpath, value=.//*[@id=&apos;login_form&apos;]/div[4]/div[2]/button123}
	at sun.reflect.NativeConstructorAccessorImpl.newInstance0(Native Method)
	at sun.reflect.NativeConstructorAccessorImpl.newInstance(NativeConstructorAccessorImpl.java:62)
	at sun.reflect.DelegatingConstructorAccessorImpl.newInstance(DelegatingConstructorAccessorImpl.java:45)
	at java.lang.reflect.Constructor.newInstance(Constructor.java:422)
	at org.openqa.selenium.remote.ErrorHandler.createThrowable(ErrorHandler.java:206)
	at org.openqa.selenium.remote.ErrorHandler.throwIfResponseFailed(ErrorHandler.java:158)
	at org.openqa.selenium.remote.RemoteWebDriver.execute(RemoteWebDriver.java:595)
	at org.openqa.selenium.remote.RemoteWebDriver.findElement(RemoteWebDriver.java:348)
	at org.openqa.selenium.remote.RemoteWebDriver.findElementByXPath(RemoteWebDriver.java:445)
	at org.openqa.selenium.By$ByXPath.findElement(By.java:358)
	at org.openqa.selenium.remote.RemoteWebDriver.findElement(RemoteWebDriver.java:340)
	at org.openqa.selenium.support.pagefactory.DefaultElementLocator.findElement(DefaultElementLocator.java:69)
	at org.openqa.selenium.support.pagefactory.internal.LocatingElementHandler.invoke(LocatingElementHandler.java:38)
	at com.sun.proxy.$Proxy10.isDisplayed(Unknown Source)
	at org.openqa.selenium.support.ui.ExpectedConditions.elementIfVisible(ExpectedConditions.java:302)
	at org.openqa.selenium.support.ui.ExpectedConditions.access$100(ExpectedConditions.java:41)
	at org.openqa.selenium.support.ui.ExpectedConditions$10.apply(ExpectedConditions.java:288)
	at org.openqa.selenium.support.ui.ExpectedConditions$10.apply(ExpectedConditions.java:285)
	at org.openqa.selenium.support.ui.FluentWait.until(FluentWait.java:209)
	... 38 more
</system-err>
  </testcase>
  <testcase classname="com.mop.qa.test.bvt.Test_TakeAssesment" name="testNBC" time="11.742"/>
  <testcase classname="com.mop.qa.test.bvt.Test_Schedule_Assesment" name="testNBC" time="99.514">
    <failure message="Exception on clicking webelementClick Loginorg.openqa.selenium.TimeoutException: Timed out after 60 seconds waiting for visibility of Proxy element for: org.openqa.selenium.support.pagefactory.DefaultElementLocator@117566b
Build info: version: &apos;2.47.0&apos;, revision: &apos;0e4837e94b1fad0db93e88cd972ed3e235a22892&apos;, time: &apos;2015-07-29 15:58:41&apos;
System info: host: &apos;PC143191&apos;, ip: &apos;10.242.193.102&apos;, os.name: &apos;Windows 7&apos;, os.arch: &apos;x86&apos;, os.version: &apos;6.1&apos;, java.version: &apos;1.8.0_51&apos;
Driver info: org.openqa.selenium.chrome.ChromeDriver
Capabilities [{applicationCacheEnabled=false, rotatable=false, mobileEmulationEnabled=false, chrome={userDataDir=C:\Users\489163.CTS\AppData\Local\Temp\scoped_dir13456_19156}, takesHeapSnapshot=true, databaseEnabled=false, handlesAlerts=true, version=46.0.2490.71, platform=XP, browserConnectionEnabled=false, nativeEvents=true, acceptSslCerts=true, locationContextEnabled=true, webStorageEnabled=true, browserName=chrome, takesScreenshot=true, javascriptEnabled=true, cssSelectorsEnabled=true}]
Session ID: 9c4235c034bae7456314c2bd51f87e02" type="junit.framework.AssertionFailedError">junit.framework.AssertionFailedError: Exception on clicking webelementClick Loginorg.openqa.selenium.TimeoutException: Timed out after 60 seconds waiting for visibility of Proxy element for: org.openqa.selenium.support.pagefactory.DefaultElementLocator@117566b
Build info: version: &apos;2.47.0&apos;, revision: &apos;0e4837e94b1fad0db93e88cd972ed3e235a22892&apos;, time: &apos;2015-07-29 15:58:41&apos;
System info: host: &apos;PC143191&apos;, ip: &apos;10.242.193.102&apos;, os.name: &apos;Windows 7&apos;, os.arch: &apos;x86&apos;, os.version: &apos;6.1&apos;, java.version: &apos;1.8.0_51&apos;
Driver info: org.openqa.selenium.chrome.ChromeDriver
Capabilities [{applicationCacheEnabled=false, rotatable=false, mobileEmulationEnabled=false, chrome={userDataDir=C:\Users\489163.CTS\AppData\Local\Temp\scoped_dir13456_19156}, takesHeapSnapshot=true, databaseEnabled=false, handlesAlerts=true, version=46.0.2490.71, platform=XP, browserConnectionEnabled=false, nativeEvents=true, acceptSslCerts=true, locationContextEnabled=true, webStorageEnabled=true, browserName=chrome, takesScreenshot=true, javascriptEnabled=true, cssSelectorsEnabled=true}]
Session ID: 9c4235c034bae7456314c2bd51f87e02
	at com.mop.qa.Utilities.ReportGenerator.logException(ReportGenerator.java:233)
	at com.mop.qa.testbase.PageBase_Appium.click(PageBase_Appium.java:321)
	at com.mop.qa.pageobject.Schedule_Assesment.clickLogin(Schedule_Assesment.java:131)
	at com.mop.qa.pageobject.Schedule_Assesment.login(Schedule_Assesment.java:147)
	at com.mop.qa.test.bvt.Test_Schedule_Assesment.testNBC(Test_Schedule_Assesment.java:19)
</failure>
    <system-out>test name is Test4
</system-out>
    <system-err>org.openqa.selenium.TimeoutException: Timed out after 60 seconds waiting for visibility of Proxy element for: org.openqa.selenium.support.pagefactory.DefaultElementLocator@117566b
Build info: version: &apos;2.47.0&apos;, revision: &apos;0e4837e94b1fad0db93e88cd972ed3e235a22892&apos;, time: &apos;2015-07-29 15:58:41&apos;
System info: host: &apos;PC143191&apos;, ip: &apos;10.242.193.102&apos;, os.name: &apos;Windows 7&apos;, os.arch: &apos;x86&apos;, os.version: &apos;6.1&apos;, java.version: &apos;1.8.0_51&apos;
Driver info: org.openqa.selenium.chrome.ChromeDriver
Capabilities [{applicationCacheEnabled=false, rotatable=false, mobileEmulationEnabled=false, chrome={userDataDir=C:\Users\489163.CTS\AppData\Local\Temp\scoped_dir13456_19156}, takesHeapSnapshot=true, databaseEnabled=false, handlesAlerts=true, version=46.0.2490.71, platform=XP, browserConnectionEnabled=false, nativeEvents=true, acceptSslCerts=true, locationContextEnabled=true, webStorageEnabled=true, browserName=chrome, takesScreenshot=true, javascriptEnabled=true, cssSelectorsEnabled=true}]
Session ID: 9c4235c034bae7456314c2bd51f87e02
	at org.openqa.selenium.support.ui.WebDriverWait.timeoutException(WebDriverWait.java:80)
	at org.openqa.selenium.support.ui.FluentWait.until(FluentWait.java:229)
	at com.mop.qa.testbase.PageBase_Appium.click(PageBase_Appium.java:310)
	at com.mop.qa.pageobject.Schedule_Assesment.clickLogin(Schedule_Assesment.java:131)
	at com.mop.qa.pageobject.Schedule_Assesment.login(Schedule_Assesment.java:147)
	at com.mop.qa.test.bvt.Test_Schedule_Assesment.testNBC(Test_Schedule_Assesment.java:19)
	at sun.reflect.NativeMethodAccessorImpl.invoke0(Native Method)
	at sun.reflect.NativeMethodAccessorImpl.invoke(NativeMethodAccessorImpl.java:62)
	at sun.reflect.DelegatingMethodAccessorImpl.invoke(DelegatingMethodAccessorImpl.java:43)
	at java.lang.reflect.Method.invoke(Method.java:497)
	at org.testng.internal.MethodInvocationHelper.invokeMethod(MethodInvocationHelper.java:84)
	at org.testng.internal.Invoker.invokeMethod(Invoker.java:714)
	at org.testng.internal.Invoker.invokeTestMethod(Invoker.java:901)
	at org.testng.internal.Invoker.invokeTestMethods(Invoker.java:1231)
	at org.testng.internal.TestMethodWorker.invokeTestMethods(TestMethodWorker.java:127)
	at org.testng.internal.TestMethodWorker.run(TestMethodWorker.java:111)
	at org.testng.TestRunner.privateRun(TestRunner.java:767)
	at org.testng.TestRunner.run(TestRunner.java:617)
	at org.testng.SuiteRunner.runTest(SuiteRunner.java:348)
	at org.testng.SuiteRunner.runSequentially(SuiteRunner.java:343)
	at org.testng.SuiteRunner.privateRun(SuiteRunner.java:305)
	at org.testng.SuiteRunner.run(SuiteRunner.java:254)
	at org.testng.SuiteRunnerWorker.runSuite(SuiteRunnerWorker.java:52)
	at org.testng.SuiteRunnerWorker.run(SuiteRunnerWorker.java:86)
	at org.testng.TestNG.runSuitesSequentially(TestNG.java:1224)
	at org.testng.TestNG.runSuitesSequentially(TestNG.java:1220)
	at org.testng.TestNG.runSuitesLocally(TestNG.java:1149)
	at org.testng.TestNG.run(TestNG.java:1057)
	at org.apache.maven.surefire.testng.TestNGExecutor.run(TestNGExecutor.java:177)
	at org.apache.maven.surefire.testng.TestNGXmlTestSuite.execute(TestNGXmlTestSuite.java:92)
	at org.apache.maven.surefire.testng.TestNGProvider.invoke(TestNGProvider.java:105)
	at sun.reflect.NativeMethodAccessorImpl.invoke0(Native Method)
	at sun.reflect.NativeMethodAccessorImpl.invoke(NativeMethodAccessorImpl.java:62)
	at sun.reflect.DelegatingMethodAccessorImpl.invoke(DelegatingMethodAccessorImpl.java:43)
	at java.lang.reflect.Method.invoke(Method.java:497)
	at org.apache.maven.surefire.util.ReflectionUtils.invokeMethodWithArray(ReflectionUtils.java:189)
	at org.apache.maven.surefire.booter.ProviderFactory$ProviderProxy.invoke(ProviderFactory.java:165)
	at org.apache.maven.surefire.booter.ProviderFactory.invokeProvider(ProviderFactory.java:85)
	at org.apache.maven.surefire.booter.ForkedBooter.runSuitesInProcess(ForkedBooter.java:103)
	at org.apache.maven.surefire.booter.ForkedBooter.main(ForkedBooter.java:74)
Caused by: org.openqa.selenium.NoSuchElementException: no such element
  (Session info: chrome=46.0.2490.71)
  (Driver info: chromedriver=2.14.313457 (3d645c400edf2e2c500566c9aa096063e707c9cf),platform=Windows NT 6.1 SP1 x86) (WARNING: The server did not provide any stacktrace information)
Command duration or timeout: 30.06 seconds
For documentation on this error, please visit: http://seleniumhq.org/exceptions/no_such_element.html
Build info: version: &apos;2.47.0&apos;, revision: &apos;0e4837e94b1fad0db93e88cd972ed3e235a22892&apos;, time: &apos;2015-07-29 15:58:41&apos;
System info: host: &apos;PC143191&apos;, ip: &apos;10.242.193.102&apos;, os.name: &apos;Windows 7&apos;, os.arch: &apos;x86&apos;, os.version: &apos;6.1&apos;, java.version: &apos;1.8.0_51&apos;
Driver info: org.openqa.selenium.chrome.ChromeDriver
Capabilities [{applicationCacheEnabled=false, rotatable=false, mobileEmulationEnabled=false, chrome={userDataDir=C:\Users\489163.CTS\AppData\Local\Temp\scoped_dir13456_19156}, takesHeapSnapshot=true, databaseEnabled=false, handlesAlerts=true, version=46.0.2490.71, platform=XP, browserConnectionEnabled=false, nativeEvents=true, acceptSslCerts=true, locationContextEnabled=true, webStorageEnabled=true, browserName=chrome, takesScreenshot=true, javascriptEnabled=true, cssSelectorsEnabled=true}]
Session ID: 9c4235c034bae7456314c2bd51f87e02
*** Element info: {Using=xpath, value=.//*[@id=&apos;login_form&apos;]/div[4]/div[2]/button123}
	at sun.reflect.NativeConstructorAccessorImpl.newInstance0(Native Method)
	at sun.reflect.NativeConstructorAccessorImpl.newInstance(NativeConstructorAccessorImpl.java:62)
	at sun.reflect.DelegatingConstructorAccessorImpl.newInstance(DelegatingConstructorAccessorImpl.java:45)
	at java.lang.reflect.Constructor.newInstance(Constructor.java:422)
	at org.openqa.selenium.remote.ErrorHandler.createThrowable(ErrorHandler.java:206)
	at org.openqa.selenium.remote.ErrorHandler.throwIfResponseFailed(ErrorHandler.java:158)
	at org.openqa.selenium.remote.RemoteWebDriver.execute(RemoteWebDriver.java:595)
	at org.openqa.selenium.remote.RemoteWebDriver.findElement(RemoteWebDriver.java:348)
	at org.openqa.selenium.remote.RemoteWebDriver.findElementByXPath(RemoteWebDriver.java:445)
	at org.openqa.selenium.By$ByXPath.findElement(By.java:358)
	at org.openqa.selenium.remote.RemoteWebDriver.findElement(RemoteWebDriver.java:340)
	at org.openqa.selenium.support.pagefactory.DefaultElementLocator.findElement(DefaultElementLocator.java:69)
	at org.openqa.selenium.support.pagefactory.internal.LocatingElementHandler.invoke(LocatingElementHandler.java:38)
	at com.sun.proxy.$Proxy10.isDisplayed(Unknown Source)
	at org.openqa.selenium.support.ui.ExpectedConditions.elementIfVisible(ExpectedConditions.java:302)
	at org.openqa.selenium.support.ui.ExpectedConditions.access$100(ExpectedConditions.java:41)
	at org.openqa.selenium.support.ui.ExpectedConditions$10.apply(ExpectedConditions.java:288)
	at org.openqa.selenium.support.ui.ExpectedConditions$10.apply(ExpectedConditions.java:285)
	at org.openqa.selenium.support.ui.FluentWait.until(FluentWait.java:209)
	... 38 more
</system-err>
  </testcase>
  <testcase classname="com.mop.qa.test.bvt.Test_TakeAssesment" name="testNBC" time="11.312"/>
  <testcase classname="com.mop.qa.test.bvt.Test_Schedule_Assesment" name="testNBC" time="99.348">
    <failure message="Exception on clicking webelementClick Loginorg.openqa.selenium.TimeoutException: Timed out after 60 seconds waiting for visibility of Proxy element for: org.openqa.selenium.support.pagefactory.DefaultElementLocator@1454b9d
Build info: version: &apos;2.47.0&apos;, revision: &apos;0e4837e94b1fad0db93e88cd972ed3e235a22892&apos;, time: &apos;2015-07-29 15:58:41&apos;
System info: host: &apos;PC143191&apos;, ip: &apos;10.242.193.102&apos;, os.name: &apos;Windows 7&apos;, os.arch: &apos;x86&apos;, os.version: &apos;6.1&apos;, java.version: &apos;1.8.0_51&apos;
Driver info: org.openqa.selenium.chrome.ChromeDriver
Capabilities [{applicationCacheEnabled=false, rotatable=false, mobileEmulationEnabled=false, chrome={userDataDir=C:\Users\489163.CTS\AppData\Local\Temp\scoped_dir13456_19156}, takesHeapSnapshot=true, databaseEnabled=false, handlesAlerts=true, version=46.0.2490.71, platform=XP, browserConnectionEnabled=false, nativeEvents=true, acceptSslCerts=true, locationContextEnabled=true, webStorageEnabled=true, browserName=chrome, takesScreenshot=true, javascriptEnabled=true, cssSelectorsEnabled=true}]
Session ID: 9c4235c034bae7456314c2bd51f87e02" type="junit.framework.AssertionFailedError">junit.framework.AssertionFailedError: Exception on clicking webelementClick Loginorg.openqa.selenium.TimeoutException: Timed out after 60 seconds waiting for visibility of Proxy element for: org.openqa.selenium.support.pagefactory.DefaultElementLocator@1454b9d
Build info: version: &apos;2.47.0&apos;, revision: &apos;0e4837e94b1fad0db93e88cd972ed3e235a22892&apos;, time: &apos;2015-07-29 15:58:41&apos;
System info: host: &apos;PC143191&apos;, ip: &apos;10.242.193.102&apos;, os.name: &apos;Windows 7&apos;, os.arch: &apos;x86&apos;, os.version: &apos;6.1&apos;, java.version: &apos;1.8.0_51&apos;
Driver info: org.openqa.selenium.chrome.ChromeDriver
Capabilities [{applicationCacheEnabled=false, rotatable=false, mobileEmulationEnabled=false, chrome={userDataDir=C:\Users\489163.CTS\AppData\Local\Temp\scoped_dir13456_19156}, takesHeapSnapshot=true, databaseEnabled=false, handlesAlerts=true, version=46.0.2490.71, platform=XP, browserConnectionEnabled=false, nativeEvents=true, acceptSslCerts=true, locationContextEnabled=true, webStorageEnabled=true, browserName=chrome, takesScreenshot=true, javascriptEnabled=true, cssSelectorsEnabled=true}]
Session ID: 9c4235c034bae7456314c2bd51f87e02
	at com.mop.qa.Utilities.ReportGenerator.logException(ReportGenerator.java:233)
	at com.mop.qa.testbase.PageBase_Appium.click(PageBase_Appium.java:321)
	at com.mop.qa.pageobject.Schedule_Assesment.clickLogin(Schedule_Assesment.java:131)
	at com.mop.qa.pageobject.Schedule_Assesment.login(Schedule_Assesment.java:147)
	at com.mop.qa.test.bvt.Test_Schedule_Assesment.testNBC(Test_Schedule_Assesment.java:19)
</failure>
    <system-out>test name is Test6
</system-out>
    <system-err>org.openqa.selenium.TimeoutException: Timed out after 60 seconds waiting for visibility of Proxy element for: org.openqa.selenium.support.pagefactory.DefaultElementLocator@1454b9d
Build info: version: &apos;2.47.0&apos;, revision: &apos;0e4837e94b1fad0db93e88cd972ed3e235a22892&apos;, time: &apos;2015-07-29 15:58:41&apos;
System info: host: &apos;PC143191&apos;, ip: &apos;10.242.193.102&apos;, os.name: &apos;Windows 7&apos;, os.arch: &apos;x86&apos;, os.version: &apos;6.1&apos;, java.version: &apos;1.8.0_51&apos;
Driver info: org.openqa.selenium.chrome.ChromeDriver
Capabilities [{applicationCacheEnabled=false, rotatable=false, mobileEmulationEnabled=false, chrome={userDataDir=C:\Users\489163.CTS\AppData\Local\Temp\scoped_dir13456_19156}, takesHeapSnapshot=true, databaseEnabled=false, handlesAlerts=true, version=46.0.2490.71, platform=XP, browserConnectionEnabled=false, nativeEvents=true, acceptSslCerts=true, locationContextEnabled=true, webStorageEnabled=true, browserName=chrome, takesScreenshot=true, javascriptEnabled=true, cssSelectorsEnabled=true}]
Session ID: 9c4235c034bae7456314c2bd51f87e02
	at org.openqa.selenium.support.ui.WebDriverWait.timeoutException(WebDriverWait.java:80)
	at org.openqa.selenium.support.ui.FluentWait.until(FluentWait.java:229)
	at com.mop.qa.testbase.PageBase_Appium.click(PageBase_Appium.java:310)
	at com.mop.qa.pageobject.Schedule_Assesment.clickLogin(Schedule_Assesment.java:131)
	at com.mop.qa.pageobject.Schedule_Assesment.login(Schedule_Assesment.java:147)
	at com.mop.qa.test.bvt.Test_Schedule_Assesment.testNBC(Test_Schedule_Assesment.java:19)
	at sun.reflect.NativeMethodAccessorImpl.invoke0(Native Method)
	at sun.reflect.NativeMethodAccessorImpl.invoke(NativeMethodAccessorImpl.java:62)
	at sun.reflect.DelegatingMethodAccessorImpl.invoke(DelegatingMethodAccessorImpl.java:43)
	at java.lang.reflect.Method.invoke(Method.java:497)
	at org.testng.internal.MethodInvocationHelper.invokeMethod(MethodInvocationHelper.java:84)
	at org.testng.internal.Invoker.invokeMethod(Invoker.java:714)
	at org.testng.internal.Invoker.invokeTestMethod(Invoker.java:901)
	at org.testng.internal.Invoker.invokeTestMethods(Invoker.java:1231)
	at org.testng.internal.TestMethodWorker.invokeTestMethods(TestMethodWorker.java:127)
	at org.testng.internal.TestMethodWorker.run(TestMethodWorker.java:111)
	at org.testng.TestRunner.privateRun(TestRunner.java:767)
	at org.testng.TestRunner.run(TestRunner.java:617)
	at org.testng.SuiteRunner.runTest(SuiteRunner.java:348)
	at org.testng.SuiteRunner.runSequentially(SuiteRunner.java:343)
	at org.testng.SuiteRunner.privateRun(SuiteRunner.java:305)
	at org.testng.SuiteRunner.run(SuiteRunner.java:254)
	at org.testng.SuiteRunnerWorker.runSuite(SuiteRunnerWorker.java:52)
	at org.testng.SuiteRunnerWorker.run(SuiteRunnerWorker.java:86)
	at org.testng.TestNG.runSuitesSequentially(TestNG.java:1224)
	at org.testng.TestNG.runSuitesSequentially(TestNG.java:1220)
	at org.testng.TestNG.runSuitesLocally(TestNG.java:1149)
	at org.testng.TestNG.run(TestNG.java:1057)
	at org.apache.maven.surefire.testng.TestNGExecutor.run(TestNGExecutor.java:177)
	at org.apache.maven.surefire.testng.TestNGXmlTestSuite.execute(TestNGXmlTestSuite.java:92)
	at org.apache.maven.surefire.testng.TestNGProvider.invoke(TestNGProvider.java:105)
	at sun.reflect.NativeMethodAccessorImpl.invoke0(Native Method)
	at sun.reflect.NativeMethodAccessorImpl.invoke(NativeMethodAccessorImpl.java:62)
	at sun.reflect.DelegatingMethodAccessorImpl.invoke(DelegatingMethodAccessorImpl.java:43)
	at java.lang.reflect.Method.invoke(Method.java:497)
	at org.apache.maven.surefire.util.ReflectionUtils.invokeMethodWithArray(ReflectionUtils.java:189)
	at org.apache.maven.surefire.booter.ProviderFactory$ProviderProxy.invoke(ProviderFactory.java:165)
	at org.apache.maven.surefire.booter.ProviderFactory.invokeProvider(ProviderFactory.java:85)
	at org.apache.maven.surefire.booter.ForkedBooter.runSuitesInProcess(ForkedBooter.java:103)
	at org.apache.maven.surefire.booter.ForkedBooter.main(ForkedBooter.java:74)
Caused by: org.openqa.selenium.NoSuchElementException: no such element
  (Session info: chrome=46.0.2490.71)
  (Driver info: chromedriver=2.14.313457 (3d645c400edf2e2c500566c9aa096063e707c9cf),platform=Windows NT 6.1 SP1 x86) (WARNING: The server did not provide any stacktrace information)
Command duration or timeout: 30.04 seconds
For documentation on this error, please visit: http://seleniumhq.org/exceptions/no_such_element.html
Build info: version: &apos;2.47.0&apos;, revision: &apos;0e4837e94b1fad0db93e88cd972ed3e235a22892&apos;, time: &apos;2015-07-29 15:58:41&apos;
System info: host: &apos;PC143191&apos;, ip: &apos;10.242.193.102&apos;, os.name: &apos;Windows 7&apos;, os.arch: &apos;x86&apos;, os.version: &apos;6.1&apos;, java.version: &apos;1.8.0_51&apos;
Driver info: org.openqa.selenium.chrome.ChromeDriver
Capabilities [{applicationCacheEnabled=false, rotatable=false, mobileEmulationEnabled=false, chrome={userDataDir=C:\Users\489163.CTS\AppData\Local\Temp\scoped_dir13456_19156}, takesHeapSnapshot=true, databaseEnabled=false, handlesAlerts=true, version=46.0.2490.71, platform=XP, browserConnectionEnabled=false, nativeEvents=true, acceptSslCerts=true, locationContextEnabled=true, webStorageEnabled=true, browserName=chrome, takesScreenshot=true, javascriptEnabled=true, cssSelectorsEnabled=true}]
Session ID: 9c4235c034bae7456314c2bd51f87e02
*** Element info: {Using=xpath, value=.//*[@id=&apos;login_form&apos;]/div[4]/div[2]/button123}
	at sun.reflect.NativeConstructorAccessorImpl.newInstance0(Native Method)
	at sun.reflect.NativeConstructorAccessorImpl.newInstance(NativeConstructorAccessorImpl.java:62)
	at sun.reflect.DelegatingConstructorAccessorImpl.newInstance(DelegatingConstructorAccessorImpl.java:45)
	at java.lang.reflect.Constructor.newInstance(Constructor.java:422)
	at org.openqa.selenium.remote.ErrorHandler.createThrowable(ErrorHandler.java:206)
	at org.openqa.selenium.remote.ErrorHandler.throwIfResponseFailed(ErrorHandler.java:158)
	at org.openqa.selenium.remote.RemoteWebDriver.execute(RemoteWebDriver.java:595)
	at org.openqa.selenium.remote.RemoteWebDriver.findElement(RemoteWebDriver.java:348)
	at org.openqa.selenium.remote.RemoteWebDriver.findElementByXPath(RemoteWebDriver.java:445)
	at org.openqa.selenium.By$ByXPath.findElement(By.java:358)
	at org.openqa.selenium.remote.RemoteWebDriver.findElement(RemoteWebDriver.java:340)
	at org.openqa.selenium.support.pagefactory.DefaultElementLocator.findElement(DefaultElementLocator.java:69)
	at org.openqa.selenium.support.pagefactory.internal.LocatingElementHandler.invoke(LocatingElementHandler.java:38)
	at com.sun.proxy.$Proxy10.isDisplayed(Unknown Source)
	at org.openqa.selenium.support.ui.ExpectedConditions.elementIfVisible(ExpectedConditions.java:302)
	at org.openqa.selenium.support.ui.ExpectedConditions.access$100(ExpectedConditions.java:41)
	at org.openqa.selenium.support.ui.ExpectedConditions$10.apply(ExpectedConditions.java:288)
	at org.openqa.selenium.support.ui.ExpectedConditions$10.apply(ExpectedConditions.java:285)
	at org.openqa.selenium.support.ui.FluentWait.until(FluentWait.java:209)
	... 38 more
</system-err>
  </testcase>
  <testcase classname="com.mop.qa.test.bvt.Test_TakeAssesment" name="testNBC" time="12.032"/>
  <testcase classname="com.mop.qa.test.bvt.Test_Schedule_Assesment" name="testNBC" time="99.207">
    <failure message="Exception on clicking webelementClick Loginorg.openqa.selenium.TimeoutException: Timed out after 60 seconds waiting for visibility of Proxy element for: org.openqa.selenium.support.pagefactory.DefaultElementLocator@1b14724
Build info: version: &apos;2.47.0&apos;, revision: &apos;0e4837e94b1fad0db93e88cd972ed3e235a22892&apos;, time: &apos;2015-07-29 15:58:41&apos;
System info: host: &apos;PC143191&apos;, ip: &apos;10.242.193.102&apos;, os.name: &apos;Windows 7&apos;, os.arch: &apos;x86&apos;, os.version: &apos;6.1&apos;, java.version: &apos;1.8.0_51&apos;
Driver info: org.openqa.selenium.chrome.ChromeDriver
Capabilities [{applicationCacheEnabled=false, rotatable=false, mobileEmulationEnabled=false, chrome={userDataDir=C:\Users\489163.CTS\AppData\Local\Temp\scoped_dir13456_19156}, takesHeapSnapshot=true, databaseEnabled=false, handlesAlerts=true, version=46.0.2490.71, platform=XP, browserConnectionEnabled=false, nativeEvents=true, acceptSslCerts=true, locationContextEnabled=true, webStorageEnabled=true, browserName=chrome, takesScreenshot=true, javascriptEnabled=true, cssSelectorsEnabled=true}]
Session ID: 9c4235c034bae7456314c2bd51f87e02" type="junit.framework.AssertionFailedError">junit.framework.AssertionFailedError: Exception on clicking webelementClick Loginorg.openqa.selenium.TimeoutException: Timed out after 60 seconds waiting for visibility of Proxy element for: org.openqa.selenium.support.pagefactory.DefaultElementLocator@1b14724
Build info: version: &apos;2.47.0&apos;, revision: &apos;0e4837e94b1fad0db93e88cd972ed3e235a22892&apos;, time: &apos;2015-07-29 15:58:41&apos;
System info: host: &apos;PC143191&apos;, ip: &apos;10.242.193.102&apos;, os.name: &apos;Windows 7&apos;, os.arch: &apos;x86&apos;, os.version: &apos;6.1&apos;, java.version: &apos;1.8.0_51&apos;
Driver info: org.openqa.selenium.chrome.ChromeDriver
Capabilities [{applicationCacheEnabled=false, rotatable=false, mobileEmulationEnabled=false, chrome={userDataDir=C:\Users\489163.CTS\AppData\Local\Temp\scoped_dir13456_19156}, takesHeapSnapshot=true, databaseEnabled=false, handlesAlerts=true, version=46.0.2490.71, platform=XP, browserConnectionEnabled=false, nativeEvents=true, acceptSslCerts=true, locationContextEnabled=true, webStorageEnabled=true, browserName=chrome, takesScreenshot=true, javascriptEnabled=true, cssSelectorsEnabled=true}]
Session ID: 9c4235c034bae7456314c2bd51f87e02
	at com.mop.qa.Utilities.ReportGenerator.logException(ReportGenerator.java:233)
	at com.mop.qa.testbase.PageBase_Appium.click(PageBase_Appium.java:321)
	at com.mop.qa.pageobject.Schedule_Assesment.clickLogin(Schedule_Assesment.java:131)
	at com.mop.qa.pageobject.Schedule_Assesment.login(Schedule_Assesment.java:147)
	at com.mop.qa.test.bvt.Test_Schedule_Assesment.testNBC(Test_Schedule_Assesment.java:19)
</failure>
    <system-out>test name is Test9
</system-out>
    <system-err>org.openqa.selenium.TimeoutException: Timed out after 60 seconds waiting for visibility of Proxy element for: org.openqa.selenium.support.pagefactory.DefaultElementLocator@1b14724
Build info: version: &apos;2.47.0&apos;, revision: &apos;0e4837e94b1fad0db93e88cd972ed3e235a22892&apos;, time: &apos;2015-07-29 15:58:41&apos;
System info: host: &apos;PC143191&apos;, ip: &apos;10.242.193.102&apos;, os.name: &apos;Windows 7&apos;, os.arch: &apos;x86&apos;, os.version: &apos;6.1&apos;, java.version: &apos;1.8.0_51&apos;
Driver info: org.openqa.selenium.chrome.ChromeDriver
Capabilities [{applicationCacheEnabled=false, rotatable=false, mobileEmulationEnabled=false, chrome={userDataDir=C:\Users\489163.CTS\AppData\Local\Temp\scoped_dir13456_19156}, takesHeapSnapshot=true, databaseEnabled=false, handlesAlerts=true, version=46.0.2490.71, platform=XP, browserConnectionEnabled=false, nativeEvents=true, acceptSslCerts=true, locationContextEnabled=true, webStorageEnabled=true, browserName=chrome, takesScreenshot=true, javascriptEnabled=true, cssSelectorsEnabled=true}]
Session ID: 9c4235c034bae7456314c2bd51f87e02
	at org.openqa.selenium.support.ui.WebDriverWait.timeoutException(WebDriverWait.java:80)
	at org.openqa.selenium.support.ui.FluentWait.until(FluentWait.java:229)
	at com.mop.qa.testbase.PageBase_Appium.click(PageBase_Appium.java:310)
	at com.mop.qa.pageobject.Schedule_Assesment.clickLogin(Schedule_Assesment.java:131)
	at com.mop.qa.pageobject.Schedule_Assesment.login(Schedule_Assesment.java:147)
	at com.mop.qa.test.bvt.Test_Schedule_Assesment.testNBC(Test_Schedule_Assesment.java:19)
	at sun.reflect.NativeMethodAccessorImpl.invoke0(Native Method)
	at sun.reflect.NativeMethodAccessorImpl.invoke(NativeMethodAccessorImpl.java:62)
	at sun.reflect.DelegatingMethodAccessorImpl.invoke(DelegatingMethodAccessorImpl.java:43)
	at java.lang.reflect.Method.invoke(Method.java:497)
	at org.testng.internal.MethodInvocationHelper.invokeMethod(MethodInvocationHelper.java:84)
	at org.testng.internal.Invoker.invokeMethod(Invoker.java:714)
	at org.testng.internal.Invoker.invokeTestMethod(Invoker.java:901)
	at org.testng.internal.Invoker.invokeTestMethods(Invoker.java:1231)
	at org.testng.internal.TestMethodWorker.invokeTestMethods(TestMethodWorker.java:127)
	at org.testng.internal.TestMethodWorker.run(TestMethodWorker.java:111)
	at org.testng.TestRunner.privateRun(TestRunner.java:767)
	at org.testng.TestRunner.run(TestRunner.java:617)
	at org.testng.SuiteRunner.runTest(SuiteRunner.java:348)
	at org.testng.SuiteRunner.runSequentially(SuiteRunner.java:343)
	at org.testng.SuiteRunner.privateRun(SuiteRunner.java:305)
	at org.testng.SuiteRunner.run(SuiteRunner.java:254)
	at org.testng.SuiteRunnerWorker.runSuite(SuiteRunnerWorker.java:52)
	at org.testng.SuiteRunnerWorker.run(SuiteRunnerWorker.java:86)
	at org.testng.TestNG.runSuitesSequentially(TestNG.java:1224)
	at org.testng.TestNG.runSuitesSequentially(TestNG.java:1220)
	at org.testng.TestNG.runSuitesLocally(TestNG.java:1149)
	at org.testng.TestNG.run(TestNG.java:1057)
	at org.apache.maven.surefire.testng.TestNGExecutor.run(TestNGExecutor.java:177)
	at org.apache.maven.surefire.testng.TestNGXmlTestSuite.execute(TestNGXmlTestSuite.java:92)
	at org.apache.maven.surefire.testng.TestNGProvider.invoke(TestNGProvider.java:105)
	at sun.reflect.NativeMethodAccessorImpl.invoke0(Native Method)
	at sun.reflect.NativeMethodAccessorImpl.invoke(NativeMethodAccessorImpl.java:62)
	at sun.reflect.DelegatingMethodAccessorImpl.invoke(DelegatingMethodAccessorImpl.java:43)
	at java.lang.reflect.Method.invoke(Method.java:497)
	at org.apache.maven.surefire.util.ReflectionUtils.invokeMethodWithArray(ReflectionUtils.java:189)
	at org.apache.maven.surefire.booter.ProviderFactory$ProviderProxy.invoke(ProviderFactory.java:165)
	at org.apache.maven.surefire.booter.ProviderFactory.invokeProvider(ProviderFactory.java:85)
	at org.apache.maven.surefire.booter.ForkedBooter.runSuitesInProcess(ForkedBooter.java:103)
	at org.apache.maven.surefire.booter.ForkedBooter.main(ForkedBooter.java:74)
Caused by: org.openqa.selenium.NoSuchElementException: no such element
  (Session info: chrome=46.0.2490.71)
  (Driver info: chromedriver=2.14.313457 (3d645c400edf2e2c500566c9aa096063e707c9cf),platform=Windows NT 6.1 SP1 x86) (WARNING: The server did not provide any stacktrace information)
Command duration or timeout: 30.01 seconds
For documentation on this error, please visit: http://seleniumhq.org/exceptions/no_such_element.html
Build info: version: &apos;2.47.0&apos;, revision: &apos;0e4837e94b1fad0db93e88cd972ed3e235a22892&apos;, time: &apos;2015-07-29 15:58:41&apos;
System info: host: &apos;PC143191&apos;, ip: &apos;10.242.193.102&apos;, os.name: &apos;Windows 7&apos;, os.arch: &apos;x86&apos;, os.version: &apos;6.1&apos;, java.version: &apos;1.8.0_51&apos;
Driver info: org.openqa.selenium.chrome.ChromeDriver
Capabilities [{applicationCacheEnabled=false, rotatable=false, mobileEmulationEnabled=false, chrome={userDataDir=C:\Users\489163.CTS\AppData\Local\Temp\scoped_dir13456_19156}, takesHeapSnapshot=true, databaseEnabled=false, handlesAlerts=true, version=46.0.2490.71, platform=XP, browserConnectionEnabled=false, nativeEvents=true, acceptSslCerts=true, locationContextEnabled=true, webStorageEnabled=true, browserName=chrome, takesScreenshot=true, javascriptEnabled=true, cssSelectorsEnabled=true}]
Session ID: 9c4235c034bae7456314c2bd51f87e02
*** Element info: {Using=xpath, value=.//*[@id=&apos;login_form&apos;]/div[4]/div[2]/button123}
	at sun.reflect.NativeConstructorAccessorImpl.newInstance0(Native Method)
	at sun.reflect.NativeConstructorAccessorImpl.newInstance(NativeConstructorAccessorImpl.java:62)
	at sun.reflect.DelegatingConstructorAccessorImpl.newInstance(DelegatingConstructorAccessorImpl.java:45)
	at java.lang.reflect.Constructor.newInstance(Constructor.java:422)
	at org.openqa.selenium.remote.ErrorHandler.createThrowable(ErrorHandler.java:206)
	at org.openqa.selenium.remote.ErrorHandler.throwIfResponseFailed(ErrorHandler.java:158)
	at org.openqa.selenium.remote.RemoteWebDriver.execute(RemoteWebDriver.java:595)
	at org.openqa.selenium.remote.RemoteWebDriver.findElement(RemoteWebDriver.java:348)
	at org.openqa.selenium.remote.RemoteWebDriver.findElementByXPath(RemoteWebDriver.java:445)
	at org.openqa.selenium.By$ByXPath.findElement(By.java:358)
	at org.openqa.selenium.remote.RemoteWebDriver.findElement(RemoteWebDriver.java:340)
	at org.openqa.selenium.support.pagefactory.DefaultElementLocator.findElement(DefaultElementLocator.java:69)
	at org.openqa.selenium.support.pagefactory.internal.LocatingElementHandler.invoke(LocatingElementHandler.java:38)
	at com.sun.proxy.$Proxy10.isDisplayed(Unknown Source)
	at org.openqa.selenium.support.ui.ExpectedConditions.elementIfVisible(ExpectedConditions.java:302)
	at org.openqa.selenium.support.ui.ExpectedConditions.access$100(ExpectedConditions.java:41)
	at org.openqa.selenium.support.ui.ExpectedConditions$10.apply(ExpectedConditions.java:288)
	at org.openqa.selenium.support.ui.ExpectedConditions$10.apply(ExpectedConditions.java:285)
	at org.openqa.selenium.support.ui.FluentWait.until(FluentWait.java:209)
	... 38 more
</system-err>
  </testcase>
  <testcase classname="com.mop.qa.test.bvt.Test_TakeAssesment" name="testNBC" time="11.9"/>
</testsuite>